<?xml version="1.0" encoding="UTF-8"?>
<coverage generated="1691090844746" clover="3.2.0">
  <project timestamp="1691090844746" name="All files">
    <metrics statements="37" coveredstatements="26" conditionals="0" coveredconditionals="0" methods="12" coveredmethods="1" elements="49" coveredelements="27" complexity="0" loc="37" ncloc="37" packages="3" files="3" classes="3"/>
    <package name="daos">
      <metrics statements="20" coveredstatements="9" conditionals="0" coveredconditionals="0" methods="12" coveredmethods="1"/>
      <file name="ExperimentSessionDAO.ts" path="/home/ion-hz/Develop/web/projects/remote-psychophysics/backend/src/db/daos/ExperimentSessionDAO.ts">
        <metrics statements="20" coveredstatements="9" conditionals="0" coveredconditionals="0" methods="12" coveredmethods="1"/>
        <line num="3" count="1" type="stmt"/>
        <line num="9" count="1" type="stmt"/>
        <line num="10" count="1" type="stmt"/>
        <line num="11" count="1" type="stmt"/>
        <line num="12" count="1" type="stmt"/>
        <line num="13" count="1" type="stmt"/>
        <line num="16" count="0" type="stmt"/>
        <line num="48" count="1" type="stmt"/>
        <line num="49" count="1" type="stmt"/>
        <line num="55" count="0" type="stmt"/>
        <line num="63" count="0" type="stmt"/>
        <line num="72" count="0" type="stmt"/>
        <line num="82" count="0" type="stmt"/>
        <line num="93" count="0" type="stmt"/>
        <line num="104" count="0" type="stmt"/>
        <line num="112" count="0" type="stmt"/>
        <line num="122" count="0" type="stmt"/>
        <line num="130" count="0" type="stmt"/>
        <line num="140" count="0" type="stmt"/>
        <line num="150" count="1" type="stmt"/>
      </file>
    </package>
    <package name="models.ExperimentSession">
      <metrics statements="12" coveredstatements="12" conditionals="0" coveredconditionals="0" methods="0" coveredmethods="0"/>
      <file name="ExperimentSessionModel.ts" path="/home/ion-hz/Develop/web/projects/remote-psychophysics/backend/src/db/models/ExperimentSession/ExperimentSessionModel.ts">
        <metrics statements="12" coveredstatements="12" conditionals="0" coveredconditionals="0" methods="0" coveredmethods="0"/>
        <line num="1" count="1" type="stmt"/>
        <line num="3" count="1" type="stmt"/>
        <line num="5" count="1" type="stmt"/>
        <line num="6" count="1" type="stmt"/>
        <line num="8" count="1" type="stmt"/>
        <line num="31" count="1" type="stmt"/>
        <line num="32" count="1" type="stmt"/>
        <line num="33" count="1" type="stmt"/>
        <line num="34" count="1" type="stmt"/>
        <line num="35" count="1" type="stmt"/>
        <line num="36" count="1" type="stmt"/>
        <line num="38" count="1" type="stmt"/>
      </file>
    </package>
    <package name="models.Response">
      <metrics statements="5" coveredstatements="5" conditionals="0" coveredconditionals="0" methods="0" coveredmethods="0"/>
      <file name="ResponseModel.ts" path="/home/ion-hz/Develop/web/projects/remote-psychophysics/backend/src/db/models/Response/ResponseModel.ts">
        <metrics statements="5" coveredstatements="5" conditionals="0" coveredconditionals="0" methods="0" coveredmethods="0"/>
        <line num="1" count="1" type="stmt"/>
        <line num="4" count="1" type="stmt"/>
        <line num="5" count="1" type="stmt"/>
        <line num="7" count="1" type="stmt"/>
        <line num="31" count="1" type="stmt"/>
      </file>
    </package>
  </project>
</coverage>
