{"/home/ion-hz/Develop/web/projects/remote-psychophysics/backend/src/db/daos/ExperimentSessionDAO.ts": {"path":"/home/ion-hz/Develop/web/projects/remote-psychophysics/backend/src/db/daos/ExperimentSessionDAO.ts","statementMap":{"0":{"start":{"line":3,"column":0},"end":{"line":3,"column":95}},"1":{"start":{"line":9,"column":23},"end":{"line":9,"column":33}},"2":{"start":{"line":10,"column":26},"end":{"line":10,"column":45}},"3":{"start":{"line":11,"column":23},"end":{"line":11,"column":47}},"4":{"start":{"line":12,"column":36},"end":{"line":12,"column":60}},"5":{"start":{"line":13,"column":26},"end":{"line":13,"column":45}},"6":{"start":{"line":16,"column":2},"end":{"line":40,"column":4}},"7":{"start":{"line":48,"column":25},"end":{"line":48,"column":69}},"8":{"start":{"line":49,"column":2},"end":{"line":49,"column":35}},"9":{"start":{"line":55,"column":2},"end":{"line":59,"column":4}},"10":{"start":{"line":63,"column":2},"end":{"line":66,"column":12}},"11":{"start":{"line":72,"column":2},"end":{"line":75,"column":12}},"12":{"start":{"line":82,"column":2},"end":{"line":85,"column":12}},"13":{"start":{"line":93,"column":2},"end":{"line":98,"column":12}},"14":{"start":{"line":104,"column":2},"end":{"line":108,"column":12}},"15":{"start":{"line":112,"column":2},"end":{"line":116,"column":12}},"16":{"start":{"line":122,"column":2},"end":{"line":126,"column":12}},"17":{"start":{"line":130,"column":2},"end":{"line":134,"column":12}},"18":{"start":{"line":140,"column":2},"end":{"line":147,"column":12}},"19":{"start":{"line":150,"column":0},"end":{"line":161,"column":2}}},"fnMap":{"0":{"name":"getPopulateOptions","decl":{"start":{"line":15,"column":9},"end":{"line":15,"column":27}},"loc":{"start":{"line":15,"column":27},"end":{"line":41,"column":1}}},"1":{"name":"create","decl":{"start":{"line":47,"column":15},"end":{"line":47,"column":21}},"loc":{"start":{"line":47,"column":48},"end":{"line":50,"column":1}}},"2":{"name":"update","decl":{"start":{"line":52,"column":15},"end":{"line":52,"column":21}},"loc":{"start":{"line":53,"column":28},"end":{"line":60,"column":1}}},"3":{"name":"findById","decl":{"start":{"line":62,"column":15},"end":{"line":62,"column":23}},"loc":{"start":{"line":62,"column":42},"end":{"line":67,"column":1}}},"4":{"name":"findCompletedById","decl":{"start":{"line":69,"column":15},"end":{"line":69,"column":32}},"loc":{"start":{"line":70,"column":20},"end":{"line":76,"column":1}}},"5":{"name":"findByUserAndExperiment","decl":{"start":{"line":78,"column":15},"end":{"line":78,"column":38}},"loc":{"start":{"line":80,"column":24},"end":{"line":86,"column":1}}},"6":{"name":"findAllByUser","decl":{"start":{"line":92,"column":15},"end":{"line":92,"column":28}},"loc":{"start":{"line":92,"column":42},"end":{"line":99,"column":1}}},"7":{"name":"findAllByExperiment","decl":{"start":{"line":101,"column":15},"end":{"line":101,"column":34}},"loc":{"start":{"line":102,"column":24},"end":{"line":109,"column":1}}},"8":{"name":"findAllCompleted","decl":{"start":{"line":111,"column":15},"end":{"line":111,"column":31}},"loc":{"start":{"line":111,"column":31},"end":{"line":117,"column":1}}},"9":{"name":"findAllCompletedByExperiment","decl":{"start":{"line":119,"column":15},"end":{"line":119,"column":43}},"loc":{"start":{"line":120,"column":24},"end":{"line":127,"column":1}}},"10":{"name":"findAllOngoing","decl":{"start":{"line":129,"column":15},"end":{"line":129,"column":29}},"loc":{"start":{"line":129,"column":29},"end":{"line":135,"column":1}}},"11":{"name":"findAllOngoingByExperiment","decl":{"start":{"line":137,"column":15},"end":{"line":137,"column":41}},"loc":{"start":{"line":138,"column":24},"end":{"line":148,"column":1}}}},"branchMap":{},"s":{"0":1,"1":1,"2":1,"3":1,"4":1,"5":1,"6":0,"7":1,"8":1,"9":0,"10":0,"11":0,"12":0,"13":0,"14":0,"15":0,"16":0,"17":0,"18":0,"19":1},"f":{"0":0,"1":1,"2":0,"3":0,"4":0,"5":0,"6":0,"7":0,"8":0,"9":0,"10":0,"11":0},"b":{}}
,"/home/ion-hz/Develop/web/projects/remote-psychophysics/backend/src/db/models/ExperimentSession/ExperimentSessionModel.ts": {"path":"/home/ion-hz/Develop/web/projects/remote-psychophysics/backend/src/db/models/ExperimentSession/ExperimentSessionModel.ts","statementMap":{"0":{"start":{"line":1,"column":0},"end":{"line":1,"column":41}},"1":{"start":{"line":3,"column":0},"end":{"line":3,"column":62}},"2":{"start":{"line":5,"column":13},"end":{"line":5,"column":49}},"3":{"start":{"line":6,"column":13},"end":{"line":6,"column":53}},"4":{"start":{"line":8,"column":32},"end":{"line":28,"column":null}},"5":{"start":{"line":31,"column":0},"end":{"line":31,"column":46}},"6":{"start":{"line":32,"column":0},"end":{"line":32,"column":49}},"7":{"start":{"line":33,"column":0},"end":{"line":33,"column":65}},"8":{"start":{"line":34,"column":0},"end":{"line":34,"column":61}},"9":{"start":{"line":35,"column":0},"end":{"line":35,"column":58}},"10":{"start":{"line":36,"column":0},"end":{"line":36,"column":50}},"11":{"start":{"line":38,"column":13},"end":{"line":42,"column":2}}},"fnMap":{},"branchMap":{},"s":{"0":1,"1":1,"2":1,"3":1,"4":1,"5":1,"6":1,"7":1,"8":1,"9":1,"10":1,"11":1},"f":{},"b":{}}
,"/home/ion-hz/Develop/web/projects/remote-psychophysics/backend/src/db/models/Response/ResponseModel.ts": {"path":"/home/ion-hz/Develop/web/projects/remote-psychophysics/backend/src/db/models/Response/ResponseModel.ts","statementMap":{"0":{"start":{"line":1,"column":0},"end":{"line":1,"column":41}},"1":{"start":{"line":4,"column":13},"end":{"line":4,"column":40}},"2":{"start":{"line":5,"column":13},"end":{"line":5,"column":43}},"3":{"start":{"line":7,"column":13},"end":{"line":29,"column":2}},"4":{"start":{"line":31,"column":13},"end":{"line":35,"column":2}}},"fnMap":{},"branchMap":{},"s":{"0":1,"1":1,"2":1,"3":1,"4":1},"f":{},"b":{}}
}
