TN:
SF:src/db/daos/ExperimentSessionDAO.ts
FN:15,getPopulateOptions
FN:47,create
FN:52,update
FN:62,findById
FN:69,findCompletedById
FN:78,findByUserAndExperiment
FN:92,findAllByUser
FN:101,findAllByExperiment
FN:111,findAllCompleted
FN:119,findAllCompletedByExperiment
FN:129,findAllOngoing
FN:137,findAllOngoingByExperiment
FNF:12
FNH:1
FNDA:0,getPopulateOptions
FNDA:1,create
FNDA:0,update
FNDA:0,findById
FNDA:0,findCompletedById
FNDA:0,findByUserAndExperiment
FNDA:0,findAllByUser
FNDA:0,findAllByExperiment
FNDA:0,findAllCompleted
FNDA:0,findAllCompletedByExperiment
FNDA:0,findAllOngoing
FNDA:0,findAllOngoingByExperiment
DA:3,1
DA:9,1
DA:10,1
DA:11,1
DA:12,1
DA:13,1
DA:16,0
DA:48,1
DA:49,1
DA:55,0
DA:63,0
DA:72,0
DA:82,0
DA:93,0
DA:104,0
DA:112,0
DA:122,0
DA:130,0
DA:140,0
DA:150,1
LF:20
LH:9
BRF:0
BRH:0
end_of_record
TN:
SF:src/db/models/ExperimentSession/ExperimentSessionModel.ts
FNF:0
FNH:0
DA:1,1
DA:3,1
DA:5,1
DA:6,1
DA:8,1
DA:31,1
DA:32,1
DA:33,1
DA:34,1
DA:35,1
DA:36,1
DA:38,1
LF:12
LH:12
BRF:0
BRH:0
end_of_record
TN:
SF:src/db/models/Response/ResponseModel.ts
FNF:0
FNH:0
DA:1,1
DA:4,1
DA:5,1
DA:7,1
DA:31,1
LF:5
LH:5
BRF:0
BRH:0
end_of_record
